<?xml version="1.0" encoding="UTF-8"?>
<testsuite xmlns:xsi="http://www.w3.org/2001/XMLSchema-instance" xsi:noNamespaceSchemaLocation="https://maven.apache.org/surefire/maven-surefire-plugin/xsd/surefire-test-report.xsd" name="com.pelatro.automation.validationOfLogin.ClientRunnerClass" time="27.424" tests="0" errors="0" skipped="0" failures="0">
  <properties>
    <property name="sun.desktop" value="gnome"/>
    <property name="awt.toolkit" value="sun.awt.X11.XToolkit"/>
    <property name="file.encoding.pkg" value="sun.io"/>
    <property name="java.specification.version" value="1.8"/>
    <property name="sun.cpu.isalist" value=""/>
    <property name="sun.jnu.encoding" value="UTF-8"/>
    <property name="java.class.path" value="/home/pelatro/automation/validationOfLogin/target/test-classes:/home/pelatro/automation/validationOfLogin/target/classes:/home/pelatro/.m2/repository/net/serenity-bdd/serenity-core/2.0.64/serenity-core-2.0.64.jar:/home/pelatro/.m2/repository/net/bytebuddy/byte-buddy/1.9.12/byte-buddy-1.9.12.jar:/home/pelatro/.m2/repository/net/bytebuddy/byte-buddy-agent/1.9.12/byte-buddy-agent-1.9.12.jar:/home/pelatro/.m2/repository/com/google/guava/guava/25.0-jre/guava-25.0-jre.jar:/home/pelatro/.m2/repository/com/google/code/findbugs/jsr305/1.3.9/jsr305-1.3.9.jar:/home/pelatro/.m2/repository/org/checkerframework/checker-compat-qual/2.0.0/checker-compat-qual-2.0.0.jar:/home/pelatro/.m2/repository/com/google/errorprone/error_prone_annotations/2.1.3/error_prone_annotations-2.1.3.jar:/home/pelatro/.m2/repository/com/google/j2objc/j2objc-annotations/1.1/j2objc-annotations-1.1.jar:/home/pelatro/.m2/repository/org/codehaus/mojo/animal-sniffer-annotations/1.14/animal-sniffer-annotations-1.14.jar:/home/pelatro/.m2/repository/com/google/inject/guice/4.2.2/guice-4.2.2.jar:/home/pelatro/.m2/repository/javax/inject/javax.inject/1/javax.inject-1.jar:/home/pelatro/.m2/repository/aopalliance/aopalliance/1.0/aopalliance-1.0.jar:/home/pelatro/.m2/repository/cglib/cglib/3.2.5/cglib-3.2.5.jar:/home/pelatro/.m2/repository/org/ow2/asm/asm/5.0.3/asm-5.0.3.jar:/home/pelatro/.m2/repository/commons-codec/commons-codec/1.10/commons-codec-1.10.jar:/home/pelatro/.m2/repository/org/objenesis/objenesis/2.6/objenesis-2.6.jar:/home/pelatro/.m2/repository/org/slf4j/slf4j-api/1.7.25/slf4j-api-1.7.25.jar:/home/pelatro/.m2/repository/xml-apis/xml-apis/1.4.01/xml-apis-1.4.01.jar:/home/pelatro/.m2/repository/io/cucumber/cucumber-core/2.4.0/cucumber-core-2.4.0.jar:/home/pelatro/.m2/repository/info/cukes/cucumber-html/0.2.6/cucumber-html-0.2.6.jar:/home/pelatro/.m2/repository/io/cucumber/cucumber-jvm-deps/1.0.6/cucumber-jvm-deps-1.0.6.jar:/home/pelatro/.m2/repository/io/cucumber/gherkin/5.0.0/gherkin-5.0.0.jar:/home/pelatro/.m2/repository/io/cucumber/tag-expressions/1.1.1/tag-expressions-1.1.1.jar:/home/pelatro/.m2/repository/commons-logging/commons-logging/1.2/commons-logging-1.2.jar:/home/pelatro/.m2/repository/io/vavr/vavr/0.9.0/vavr-0.9.0.jar:/home/pelatro/.m2/repository/io/vavr/vavr-match/0.9.0/vavr-match-0.9.0.jar:/home/pelatro/.m2/repository/javax/xml/bind/jaxb-api/2.2.12/jaxb-api-2.2.12.jar:/home/pelatro/.m2/repository/com/sun/xml/bind/jaxb-core/2.3.0.1/jaxb-core-2.3.0.1.jar:/home/pelatro/.m2/repository/com/sun/xml/bind/jaxb-impl/2.3.0.1/jaxb-impl-2.3.0.1.jar:/home/pelatro/.m2/repository/javax/activation/activation/1.1.1/activation-1.1.1.jar:/home/pelatro/.m2/repository/org/mockito/mockito-core/2.25.0/mockito-core-2.25.0.jar:/home/pelatro/.m2/repository/net/serenity-bdd/serenity-report-resources/2.0.64/serenity-report-resources-2.0.64.jar:/home/pelatro/.m2/repository/net/serenity-bdd/serenity-model/2.0.64/serenity-model-2.0.64.jar:/home/pelatro/.m2/repository/commons-net/commons-net/3.6/commons-net-3.6.jar:/home/pelatro/.m2/repository/org/apache/commons/commons-text/1.6/commons-text-1.6.jar:/home/pelatro/.m2/repository/net/serenity-bdd/serenity-reports/2.0.64/serenity-reports-2.0.64.jar:/home/pelatro/.m2/repository/net/serenity-bdd/serenity-stats/2.0.64/serenity-stats-2.0.64.jar:/home/pelatro/.m2/repository/org/jetbrains/kotlin/kotlin-stdlib/1.3.31/kotlin-stdlib-1.3.31.jar:/home/pelatro/.m2/repository/org/jetbrains/kotlin/kotlin-stdlib-common/1.3.31/kotlin-stdlib-common-1.3.31.jar:/home/pelatro/.m2/repository/org/jetbrains/annotations/13.0/annotations-13.0.jar:/home/pelatro/.m2/repository/com/google/code/gson/gson/2.8.4/gson-2.8.4.jar:/home/pelatro/.m2/repository/commons-io/commons-io/2.6/commons-io-2.6.jar:/home/pelatro/.m2/repository/org/seleniumhq/selenium/selenium-server/3.141.59/selenium-server-3.141.59.jar:/home/pelatro/.m2/repository/org/seleniumhq/selenium/selenium-firefox-driver/3.141.59/selenium-firefox-driver-3.141.59.jar:/home/pelatro/.m2/repository/org/seleniumhq/selenium/selenium-ie-driver/3.141.59/selenium-ie-driver-3.141.59.jar:/home/pelatro/.m2/repository/org/apache/commons/commons-exec/1.3/commons-exec-1.3.jar:/home/pelatro/.m2/repository/net/jcip/jcip-annotations/1.0/jcip-annotations-1.0.jar:/home/pelatro/.m2/repository/org/seleniumhq/selenium/jetty-repacked/9.4.12.v20180830/jetty-repacked-9.4.12.v20180830.jar:/home/pelatro/.m2/repository/com/squareup/okhttp3/okhttp/3.11.0/okhttp-3.11.0.jar:/home/pelatro/.m2/repository/com/squareup/okio/okio/1.14.0/okio-1.14.0.jar:/home/pelatro/.m2/repository/javax/servlet/javax.servlet-api/3.1.0/javax.servlet-api-3.1.0.jar:/home/pelatro/.m2/repository/org/yaml/snakeyaml/1.19/snakeyaml-1.19.jar:/home/pelatro/.m2/repository/org/seleniumhq/selenium/selenium-java/3.141.59/selenium-java-3.141.59.jar:/home/pelatro/.m2/repository/org/seleniumhq/selenium/selenium-api/3.141.59/selenium-api-3.141.59.jar:/home/pelatro/.m2/repository/org/seleniumhq/selenium/selenium-chrome-driver/3.141.59/selenium-chrome-driver-3.141.59.jar:/home/pelatro/.m2/repository/org/seleniumhq/selenium/selenium-edge-driver/3.141.59/selenium-edge-driver-3.141.59.jar:/home/pelatro/.m2/repository/org/seleniumhq/selenium/selenium-remote-driver/3.141.59/selenium-remote-driver-3.141.59.jar:/home/pelatro/.m2/repository/org/seleniumhq/selenium/selenium-safari-driver/3.141.59/selenium-safari-driver-3.141.59.jar:/home/pelatro/.m2/repository/org/seleniumhq/selenium/selenium-opera-driver/3.141.59/selenium-opera-driver-3.141.59.jar:/home/pelatro/.m2/repository/org/seleniumhq/selenium/selenium-support/3.141.59/selenium-support-3.141.59.jar:/home/pelatro/.m2/repository/com/paulhammant/ngwebdriver/1.1.4/ngwebdriver-1.1.4.jar:/home/pelatro/.m2/repository/com/codeborne/phantomjsdriver/1.4.4/phantomjsdriver-1.4.4.jar:/home/pelatro/.m2/repository/org/eclipse/jetty/jetty-util/9.4.8.v20171121/jetty-util-9.4.8.v20171121.jar:/home/pelatro/.m2/repository/org/eclipse/jetty/jetty-io/9.4.8.v20171121/jetty-io-9.4.8.v20171121.jar:/home/pelatro/.m2/repository/org/seleniumhq/selenium/htmlunit-driver/2.33.1/htmlunit-driver-2.33.1.jar:/home/pelatro/.m2/repository/io/appium/java-client/7.0.0/java-client-7.0.0.jar:/home/pelatro/.m2/repository/commons-validator/commons-validator/1.6/commons-validator-1.6.jar:/home/pelatro/.m2/repository/org/aspectj/aspectjweaver/1.9.1/aspectjweaver-1.9.1.jar:/home/pelatro/.m2/repository/org/springframework/spring-context-support/5.1.2.RELEASE/spring-context-support-5.1.2.RELEASE.jar:/home/pelatro/.m2/repository/org/springframework/spring-beans/5.1.2.RELEASE/spring-beans-5.1.2.RELEASE.jar:/home/pelatro/.m2/repository/org/springframework/spring-context/5.1.2.RELEASE/spring-context-5.1.2.RELEASE.jar:/home/pelatro/.m2/repository/org/springframework/spring-aop/5.1.2.RELEASE/spring-aop-5.1.2.RELEASE.jar:/home/pelatro/.m2/repository/org/springframework/spring-expression/5.1.2.RELEASE/spring-expression-5.1.2.RELEASE.jar:/home/pelatro/.m2/repository/org/springframework/spring-core/5.1.2.RELEASE/spring-core-5.1.2.RELEASE.jar:/home/pelatro/.m2/repository/org/springframework/spring-jcl/5.1.2.RELEASE/spring-jcl-5.1.2.RELEASE.jar:/home/pelatro/.m2/repository/org/glassfish/tyrus/tyrus-core/1.13.1/tyrus-core-1.13.1.jar:/home/pelatro/.m2/repository/org/glassfish/tyrus/tyrus-spi/1.13.1/tyrus-spi-1.13.1.jar:/home/pelatro/.m2/repository/javax/websocket/javax.websocket-api/1.1/javax.websocket-api-1.1.jar:/home/pelatro/.m2/repository/org/codehaus/groovy/groovy/2.5.5/groovy-2.5.5.jar:/home/pelatro/.m2/repository/net/sf/opencsv/opencsv/2.0/opencsv-2.0.jar:/home/pelatro/.m2/repository/commons-beanutils/commons-beanutils-core/1.8.3/commons-beanutils-core-1.8.3.jar:/home/pelatro/.m2/repository/joda-time/joda-time/2.7/joda-time-2.7.jar:/home/pelatro/.m2/repository/com/thoughtworks/xstream/xstream/1.4.9/xstream-1.4.9.jar:/home/pelatro/.m2/repository/xmlpull/xmlpull/1.1.3.1/xmlpull-1.1.3.1.jar:/home/pelatro/.m2/repository/xpp3/xpp3_min/1.1.4c/xpp3_min-1.1.4c.jar:/home/pelatro/.m2/repository/org/apache/commons/commons-lang3/3.8.1/commons-lang3-3.8.1.jar:/home/pelatro/.m2/repository/commons-collections/commons-collections/3.2.2/commons-collections-3.2.2.jar:/home/pelatro/.m2/repository/org/freemarker/freemarker/2.3.28/freemarker-2.3.28.jar:/home/pelatro/.m2/repository/net/sourceforge/jexcelapi/jxl/2.6.12/jxl-2.6.12.jar:/home/pelatro/.m2/repository/org/hamcrest/hamcrest-core/1.3/hamcrest-core-1.3.jar:/home/pelatro/.m2/repository/org/hamcrest/hamcrest-library/1.3/hamcrest-library-1.3.jar:/home/pelatro/.m2/repository/net/sourceforge/htmlunit/htmlunit/2.33/htmlunit-2.33.jar:/home/pelatro/.m2/repository/net/sourceforge/htmlunit/htmlunit-core-js/2.33/htmlunit-core-js-2.33.jar:/home/pelatro/.m2/repository/net/sourceforge/htmlunit/neko-htmlunit/2.33/neko-htmlunit-2.33.jar:/home/pelatro/.m2/repository/xerces/xercesImpl/2.12.0/xercesImpl-2.12.0.jar:/home/pelatro/.m2/repository/net/sourceforge/htmlunit/htmlunit-cssparser/1.2.0/htmlunit-cssparser-1.2.0.jar:/home/pelatro/.m2/repository/org/eclipse/jetty/websocket/websocket-client/9.4.12.v20180830/websocket-client-9.4.12.v20180830.jar:/home/pelatro/.m2/repository/org/eclipse/jetty/jetty-client/9.4.12.v20180830/jetty-client-9.4.12.v20180830.jar:/home/pelatro/.m2/repository/org/eclipse/jetty/jetty-http/9.4.12.v20180830/jetty-http-9.4.12.v20180830.jar:/home/pelatro/.m2/repository/org/eclipse/jetty/jetty-xml/9.4.12.v20180830/jetty-xml-9.4.12.v20180830.jar:/home/pelatro/.m2/repository/org/eclipse/jetty/websocket/websocket-common/9.4.12.v20180830/websocket-common-9.4.12.v20180830.jar:/home/pelatro/.m2/repository/org/eclipse/jetty/websocket/websocket-api/9.4.12.v20180830/websocket-api-9.4.12.v20180830.jar:/home/pelatro/.m2/repository/org/apache/httpcomponents/httpclient/4.5.5/httpclient-4.5.5.jar:/home/pelatro/.m2/repository/org/apache/httpcomponents/httpcore/4.4.9/httpcore-4.4.9.jar:/home/pelatro/.m2/repository/org/apache/httpcomponents/httpmime/4.5.5/httpmime-4.5.5.jar:/home/pelatro/.m2/repository/org/fluentlenium/fluentlenium-core/0.10.2/fluentlenium-core-0.10.2.jar:/home/pelatro/.m2/repository/com/jhlabs/filters/2.0.235/filters-2.0.235.jar:/home/pelatro/.m2/repository/org/asciidoctor/asciidoctorj/1.5.6/asciidoctorj-1.5.6.jar:/home/pelatro/.m2/repository/org/jruby/jruby-complete/1.7.26/jruby-complete-1.7.26.jar:/home/pelatro/.m2/repository/org/imgscalr/imgscalr-lib/4.2/imgscalr-lib-4.2.jar:/home/pelatro/.m2/repository/javax/el/javax.el-api/2.2.4/javax.el-api-2.2.4.jar:/home/pelatro/.m2/repository/org/glassfish/web/javax.el/2.2.4/javax.el-2.2.4.jar:/home/pelatro/.m2/repository/xalan/xalan/2.7.2/xalan-2.7.2.jar:/home/pelatro/.m2/repository/xalan/serializer/2.7.2/serializer-2.7.2.jar:/home/pelatro/.m2/repository/org/awaitility/awaitility/3.1.0/awaitility-3.1.0.jar:/home/pelatro/.m2/repository/com/typesafe/config/1.3.1/config-1.3.1.jar:/home/pelatro/.m2/repository/org/jsoup/jsoup/1.10.3/jsoup-1.10.3.jar:/home/pelatro/.m2/repository/com/google/jimfs/jimfs/1.1/jimfs-1.1.jar:/home/pelatro/.m2/repository/es/nitaur/markdown/txtmark/0.16/txtmark-0.16.jar:/home/pelatro/.m2/repository/com/vladsch/flexmark/flexmark-all/0.34.30/flexmark-all-0.34.30.jar:/home/pelatro/.m2/repository/com/vladsch/flexmark/flexmark/0.34.30/flexmark-0.34.30.jar:/home/pelatro/.m2/repository/com/vladsch/flexmark/flexmark-ext-abbreviation/0.34.30/flexmark-ext-abbreviation-0.34.30.jar:/home/pelatro/.m2/repository/com/vladsch/flexmark/flexmark-ext-admonition/0.34.30/flexmark-ext-admonition-0.34.30.jar:/home/pelatro/.m2/repository/com/vladsch/flexmark/flexmark-ext-anchorlink/0.34.30/flexmark-ext-anchorlink-0.34.30.jar:/home/pelatro/.m2/repository/com/vladsch/flexmark/flexmark-ext-aside/0.34.30/flexmark-ext-aside-0.34.30.jar:/home/pelatro/.m2/repository/com/vladsch/flexmark/flexmark-ext-attributes/0.34.30/flexmark-ext-attributes-0.34.30.jar:/home/pelatro/.m2/repository/com/vladsch/flexmark/flexmark-ext-autolink/0.34.30/flexmark-ext-autolink-0.34.30.jar:/home/pelatro/.m2/repository/org/nibor/autolink/autolink/0.6.0/autolink-0.6.0.jar:/home/pelatro/.m2/repository/com/vladsch/flexmark/flexmark-ext-definition/0.34.30/flexmark-ext-definition-0.34.30.jar:/home/pelatro/.m2/repository/com/vladsch/flexmark/flexmark-ext-emoji/0.34.30/flexmark-ext-emoji-0.34.30.jar:/home/pelatro/.m2/repository/com/vladsch/flexmark/flexmark-ext-enumerated-reference/0.34.30/flexmark-ext-enumerated-reference-0.34.30.jar:/home/pelatro/.m2/repository/com/vladsch/flexmark/flexmark-ext-escaped-character/0.34.30/flexmark-ext-escaped-character-0.34.30.jar:/home/pelatro/.m2/repository/com/vladsch/flexmark/flexmark-ext-footnotes/0.34.30/flexmark-ext-footnotes-0.34.30.jar:/home/pelatro/.m2/repository/com/vladsch/flexmark/flexmark-ext-gfm-issues/0.34.30/flexmark-ext-gfm-issues-0.34.30.jar:/home/pelatro/.m2/repository/com/vladsch/flexmark/flexmark-ext-gfm-strikethrough/0.34.30/flexmark-ext-gfm-strikethrough-0.34.30.jar:/home/pelatro/.m2/repository/com/vladsch/flexmark/flexmark-ext-gfm-tables/0.34.30/flexmark-ext-gfm-tables-0.34.30.jar:/home/pelatro/.m2/repository/com/vladsch/flexmark/flexmark-ext-gfm-tasklist/0.34.30/flexmark-ext-gfm-tasklist-0.34.30.jar:/home/pelatro/.m2/repository/com/vladsch/flexmark/flexmark-ext-gfm-users/0.34.30/flexmark-ext-gfm-users-0.34.30.jar:/home/pelatro/.m2/repository/com/vladsch/flexmark/flexmark-ext-gitlab/0.34.30/flexmark-ext-gitlab-0.34.30.jar:/home/pelatro/.m2/repository/com/vladsch/flexmark/flexmark-ext-jekyll-front-matter/0.34.30/flexmark-ext-jekyll-front-matter-0.34.30.jar:/home/pelatro/.m2/repository/com/vladsch/flexmark/flexmark-ext-jekyll-tag/0.34.30/flexmark-ext-jekyll-tag-0.34.30.jar:/home/pelatro/.m2/repository/com/vladsch/flexmark/flexmark-ext-media-tags/0.34.30/flexmark-ext-media-tags-0.34.30.jar:/home/pelatro/.m2/repository/com/vladsch/flexmark/flexmark-test-util/0.34.30/flexmark-test-util-0.34.30.jar:/home/pelatro/.m2/repository/com/vladsch/flexmark/flexmark-ext-ins/0.34.30/flexmark-ext-ins-0.34.30.jar:/home/pelatro/.m2/repository/com/vladsch/flexmark/flexmark-ext-xwiki-macros/0.34.30/flexmark-ext-xwiki-macros-0.34.30.jar:/home/pelatro/.m2/repository/com/vladsch/flexmark/flexmark-ext-superscript/0.34.30/flexmark-ext-superscript-0.34.30.jar:/home/pelatro/.m2/repository/com/vladsch/flexmark/flexmark-ext-tables/0.34.30/flexmark-ext-tables-0.34.30.jar:/home/pelatro/.m2/repository/com/vladsch/flexmark/flexmark-ext-toc/0.34.30/flexmark-ext-toc-0.34.30.jar:/home/pelatro/.m2/repository/com/vladsch/flexmark/flexmark-ext-typographic/0.34.30/flexmark-ext-typographic-0.34.30.jar:/home/pelatro/.m2/repository/com/vladsch/flexmark/flexmark-ext-wikilink/0.34.30/flexmark-ext-wikilink-0.34.30.jar:/home/pelatro/.m2/repository/com/vladsch/flexmark/flexmark-ext-yaml-front-matter/0.34.30/flexmark-ext-yaml-front-matter-0.34.30.jar:/home/pelatro/.m2/repository/com/vladsch/flexmark/flexmark-ext-youtube-embedded/0.34.30/flexmark-ext-youtube-embedded-0.34.30.jar:/home/pelatro/.m2/repository/com/vladsch/flexmark/flexmark-formatter/0.34.30/flexmark-formatter-0.34.30.jar:/home/pelatro/.m2/repository/com/vladsch/flexmark/flexmark-html-parser/0.34.30/flexmark-html-parser-0.34.30.jar:/home/pelatro/.m2/repository/com/vladsch/flexmark/flexmark-jira-converter/0.34.30/flexmark-jira-converter-0.34.30.jar:/home/pelatro/.m2/repository/com/vladsch/flexmark/flexmark-pdf-converter/0.34.30/flexmark-pdf-converter-0.34.30.jar:/home/pelatro/.m2/repository/com/openhtmltopdf/openhtmltopdf-core/0.0.1-RC13/openhtmltopdf-core-0.0.1-RC13.jar:/home/pelatro/.m2/repository/com/openhtmltopdf/openhtmltopdf-pdfbox/0.0.1-RC13/openhtmltopdf-pdfbox-0.0.1-RC13.jar:/home/pelatro/.m2/repository/org/apache/pdfbox/pdfbox/2.0.8/pdfbox-2.0.8.jar:/home/pelatro/.m2/repository/org/apache/pdfbox/fontbox/2.0.8/fontbox-2.0.8.jar:/home/pelatro/.m2/repository/org/apache/pdfbox/xmpbox/2.0.8/xmpbox-2.0.8.jar:/home/pelatro/.m2/repository/de/rototor/pdfbox/graphics2d/0.12/graphics2d-0.12.jar:/home/pelatro/.m2/repository/com/openhtmltopdf/openhtmltopdf-rtl-support/0.0.1-RC13/openhtmltopdf-rtl-support-0.0.1-RC13.jar:/home/pelatro/.m2/repository/com/ibm/icu/icu4j/59.1/icu4j-59.1.jar:/home/pelatro/.m2/repository/com/openhtmltopdf/openhtmltopdf-jsoup-dom-converter/0.0.1-RC13/openhtmltopdf-jsoup-dom-converter-0.0.1-RC13.jar:/home/pelatro/.m2/repository/com/vladsch/flexmark/flexmark-profile-pegdown/0.34.30/flexmark-profile-pegdown-0.34.30.jar:/home/pelatro/.m2/repository/com/vladsch/flexmark/flexmark-util/0.34.30/flexmark-util-0.34.30.jar:/home/pelatro/.m2/repository/com/vladsch/flexmark/flexmark-youtrack-converter/0.34.30/flexmark-youtrack-converter-0.34.30.jar:/home/pelatro/.m2/repository/net/serenity-bdd/maven/plugins/serenity-maven-plugin/1.8.1/serenity-maven-plugin-1.8.1.jar:/home/pelatro/.m2/repository/org/apache/maven/maven-core/3.5.0/maven-core-3.5.0.jar:/home/pelatro/.m2/repository/org/apache/maven/maven-model/3.5.0/maven-model-3.5.0.jar:/home/pelatro/.m2/repository/org/apache/maven/maven-settings/3.5.0/maven-settings-3.5.0.jar:/home/pelatro/.m2/repository/org/apache/maven/maven-settings-builder/3.5.0/maven-settings-builder-3.5.0.jar:/home/pelatro/.m2/repository/org/apache/maven/maven-builder-support/3.5.0/maven-builder-support-3.5.0.jar:/home/pelatro/.m2/repository/org/apache/maven/maven-repository-metadata/3.5.0/maven-repository-metadata-3.5.0.jar:/home/pelatro/.m2/repository/org/apache/maven/maven-artifact/3.5.0/maven-artifact-3.5.0.jar:/home/pelatro/.m2/repository/org/apache/maven/maven-model-builder/3.5.0/maven-model-builder-3.5.0.jar:/home/pelatro/.m2/repository/org/apache/maven/maven-resolver-provider/3.5.0/maven-resolver-provider-3.5.0.jar:/home/pelatro/.m2/repository/org/apache/maven/resolver/maven-resolver-impl/1.0.3/maven-resolver-impl-1.0.3.jar:/home/pelatro/.m2/repository/org/apache/maven/resolver/maven-resolver-api/1.0.3/maven-resolver-api-1.0.3.jar:/home/pelatro/.m2/repository/org/apache/maven/resolver/maven-resolver-spi/1.0.3/maven-resolver-spi-1.0.3.jar:/home/pelatro/.m2/repository/org/apache/maven/resolver/maven-resolver-util/1.0.3/maven-resolver-util-1.0.3.jar:/home/pelatro/.m2/repository/org/apache/maven/shared/maven-shared-utils/3.1.0/maven-shared-utils-3.1.0.jar:/home/pelatro/.m2/repository/org/eclipse/sisu/org.eclipse.sisu.plexus/0.3.3/org.eclipse.sisu.plexus-0.3.3.jar:/home/pelatro/.m2/repository/javax/enterprise/cdi-api/1.0/cdi-api-1.0.jar:/home/pelatro/.m2/repository/javax/annotation/jsr250-api/1.0/jsr250-api-1.0.jar:/home/pelatro/.m2/repository/org/eclipse/sisu/org.eclipse.sisu.inject/0.3.3/org.eclipse.sisu.inject-0.3.3.jar:/home/pelatro/.m2/repository/org/codehaus/plexus/plexus-interpolation/1.24/plexus-interpolation-1.24.jar:/home/pelatro/.m2/repository/org/codehaus/plexus/plexus-utils/3.0.24/plexus-utils-3.0.24.jar:/home/pelatro/.m2/repository/org/codehaus/plexus/plexus-classworlds/2.5.2/plexus-classworlds-2.5.2.jar:/home/pelatro/.m2/repository/org/codehaus/plexus/plexus-component-annotations/1.7.1/plexus-component-annotations-1.7.1.jar:/home/pelatro/.m2/repository/org/sonatype/plexus/plexus-sec-dispatcher/1.4/plexus-sec-dispatcher-1.4.jar:/home/pelatro/.m2/repository/org/sonatype/plexus/plexus-cipher/1.4/plexus-cipher-1.4.jar:/home/pelatro/.m2/repository/org/apache/maven/maven-plugin-api/3.5.0/maven-plugin-api-3.5.0.jar:/home/pelatro/.m2/repository/org/apache/maven/reporting/maven-reporting-api/3.0/maven-reporting-api-3.0.jar:/home/pelatro/.m2/repository/org/apache/maven/doxia/doxia-sink-api/1.0/doxia-sink-api-1.0.jar:/home/pelatro/.m2/repository/org/apache/maven/plugin-tools/maven-plugin-annotations/3.5/maven-plugin-annotations-3.5.jar:/home/pelatro/.m2/repository/net/serenity-bdd/serenity-junit/2.0.64/serenity-junit-2.0.64.jar:/home/pelatro/.m2/repository/net/serenity-bdd/serenity-screenplay/2.0.64/serenity-screenplay-2.0.64.jar:/home/pelatro/.m2/repository/uk/com/robust-it/cloning/1.9.10/cloning-1.9.10.jar:/home/pelatro/.m2/repository/net/serenity-bdd/serenity-screenplay-webdriver/2.0.64/serenity-screenplay-webdriver-2.0.64.jar:/home/pelatro/.m2/repository/junit/junit/4.13.2/junit-4.13.2.jar:/home/pelatro/.m2/repository/org/assertj/assertj-core/3.6.2/assertj-core-3.6.2.jar:/home/pelatro/.m2/repository/org/hamcrest/hamcrest-all/1.3/hamcrest-all-1.3.jar:/home/pelatro/.m2/repository/org/apache/maven/plugins/maven-surefire-plugin/2.20/maven-surefire-plugin-2.20.jar:/home/pelatro/.m2/repository/org/apache/maven/surefire/maven-surefire-common/2.20/maven-surefire-common-2.20.jar:/home/pelatro/.m2/repository/org/apache/maven/maven-plugin-descriptor/2.2.1/maven-plugin-descriptor-2.2.1.jar:/home/pelatro/.m2/repository/org/codehaus/plexus/plexus-container-default/1.0-alpha-9-stable-1/plexus-container-default-1.0-alpha-9-stable-1.jar:/home/pelatro/.m2/repository/classworlds/classworlds/1.1-alpha-2/classworlds-1.1-alpha-2.jar:/home/pelatro/.m2/repository/org/apache/maven/maven-project/2.2.1/maven-project-2.2.1.jar:/home/pelatro/.m2/repository/org/apache/maven/maven-profile/2.2.1/maven-profile-2.2.1.jar:/home/pelatro/.m2/repository/org/apache/maven/maven-artifact-manager/2.2.1/maven-artifact-manager-2.2.1.jar:/home/pelatro/.m2/repository/org/apache/maven/wagon/wagon-provider-api/1.0-beta-6/wagon-provider-api-1.0-beta-6.jar:/home/pelatro/.m2/repository/backport-util-concurrent/backport-util-concurrent/3.1/backport-util-concurrent-3.1.jar:/home/pelatro/.m2/repository/org/apache/maven/maven-plugin-registry/2.2.1/maven-plugin-registry-2.2.1.jar:/home/pelatro/.m2/repository/org/apache/maven/maven-toolchain/2.2.1/maven-toolchain-2.2.1.jar:/home/pelatro/.m2/repository/org/apache/maven/surefire/surefire-booter/2.20/surefire-booter-2.20.jar:/home/pelatro/.m2/repository/org/apache/maven/surefire/surefire-api/2.20/surefire-api-2.20.jar:/home/pelatro/.m2/repository/org/apache/maven/surefire/surefire-logger-api/2.20/surefire-logger-api-2.20.jar:/home/pelatro/.m2/repository/com/github/valfirst/jbehave-junit-runner/2.1.0/jbehave-junit-runner-2.1.0.jar:/home/pelatro/.m2/repository/org/testng/testng/6.14.3/testng-6.14.3.jar:/home/pelatro/.m2/repository/com/beust/jcommander/1.72/jcommander-1.72.jar:/home/pelatro/.m2/repository/org/apache-extras/beanshell/bsh/2.0b6/bsh-2.0b6.jar:/home/pelatro/.m2/repository/com/automation-remarks/video-recorder-core/1.0.5/video-recorder-core-1.0.5.jar:/home/pelatro/.m2/repository/ru/yandex/qatools/allure/allure-java-annotations/1.4.23/allure-java-annotations-1.4.23.jar:/home/pelatro/.m2/repository/ru/yandex/qatools/allure/allure-model/1.4.23/allure-model-1.4.23.jar:/home/pelatro/.m2/repository/org/jvnet/jaxb2_commons/jaxb2-basics-runtime/0.9.3/jaxb2-basics-runtime-0.9.3.jar:/home/pelatro/.m2/repository/ru/yandex/qatools/properties/properties-loader/1.5/properties-loader-1.5.jar:/home/pelatro/.m2/repository/org/postgresql/postgresql/42.2.15/postgresql-42.2.15.jar:/home/pelatro/.m2/repository/org/checkerframework/checker-qual/3.5.0/checker-qual-3.5.0.jar:/home/pelatro/.m2/repository/log4j/log4j/1.2.17/log4j-1.2.17.jar:/home/pelatro/.m2/repository/com/jcraft/jsch/0.1.54/jsch-0.1.54.jar:/home/pelatro/.m2/repository/com/fasterxml/jackson/core/jackson-databind/2.9.8/jackson-databind-2.9.8.jar:/home/pelatro/.m2/repository/com/fasterxml/jackson/core/jackson-core/2.9.8/jackson-core-2.9.8.jar:/home/pelatro/.m2/repository/com/fasterxml/jackson/core/jackson-annotations/2.14.2/jackson-annotations-2.14.2.jar:/home/pelatro/.m2/repository/org/json/json/20160810/json-20160810.jar:/home/pelatro/.m2/repository/net/serenity-bdd/serenity-rest-assured/2.0.64/serenity-rest-assured-2.0.64.jar:/home/pelatro/.m2/repository/io/rest-assured/rest-assured/3.3.0/rest-assured-3.3.0.jar:/home/pelatro/.m2/repository/org/ccil/cowan/tagsoup/tagsoup/1.2.1/tagsoup-1.2.1.jar:/home/pelatro/.m2/repository/io/rest-assured/json-path/3.3.0/json-path-3.3.0.jar:/home/pelatro/.m2/repository/io/rest-assured/rest-assured-common/3.3.0/rest-assured-common-3.3.0.jar:/home/pelatro/.m2/repository/io/rest-assured/xml-path/3.3.0/xml-path-3.3.0.jar:/home/pelatro/.m2/repository/com/sun/xml/bind/jaxb-osgi/2.2.10/jaxb-osgi-2.2.10.jar:/home/pelatro/.m2/repository/org/apache/sling/org.apache.sling.javax.activation/0.1.0/org.apache.sling.javax.activation-0.1.0.jar:/home/pelatro/.m2/repository/org/codehaus/groovy/groovy-xml/2.5.5/groovy-xml-2.5.5.jar:/home/pelatro/.m2/repository/org/codehaus/groovy/groovy-json/2.5.5/groovy-json-2.5.5.jar:/home/pelatro/.m2/repository/net/serenity-bdd/serenity-cucumber/1.9.39/serenity-cucumber-1.9.39.jar:/home/pelatro/.m2/repository/io/cucumber/cucumber-java/2.4.0/cucumber-java-2.4.0.jar:/home/pelatro/.m2/repository/io/cucumber/cucumber-junit/2.4.0/cucumber-junit-2.4.0.jar:/home/pelatro/.m2/repository/org/apache/commons/commons-csv/1.5/commons-csv-1.5.jar:/home/pelatro/.m2/repository/org/apache/hbase/hbase-client/2.5.2/hbase-client-2.5.2.jar:/home/pelatro/.m2/repository/org/apache/hbase/thirdparty/hbase-shaded-protobuf/4.1.3/hbase-shaded-protobuf-4.1.3.jar:/home/pelatro/.m2/repository/org/apache/hbase/hbase-common/2.5.2/hbase-common-2.5.2.jar:/home/pelatro/.m2/repository/org/apache/hbase/hbase-logging/2.5.2/hbase-logging-2.5.2.jar:/home/pelatro/.m2/repository/org/apache/hbase/thirdparty/hbase-shaded-gson/4.1.3/hbase-shaded-gson-4.1.3.jar:/home/pelatro/.m2/repository/org/apache/hbase/thirdparty/hbase-unsafe/4.1.3/hbase-unsafe-4.1.3.jar:/home/pelatro/.m2/repository/io/opentelemetry/opentelemetry-semconv/1.15.0-alpha/opentelemetry-semconv-1.15.0-alpha.jar:/home/pelatro/.m2/repository/org/apache/hbase/hbase-hadoop-compat/2.5.2/hbase-hadoop-compat-2.5.2.jar:/home/pelatro/.m2/repository/org/apache/hbase/hbase-metrics-api/2.5.2/hbase-metrics-api-2.5.2.jar:/home/pelatro/.m2/repository/org/apache/hbase/hbase-hadoop2-compat/2.5.2/hbase-hadoop2-compat-2.5.2.jar:/home/pelatro/.m2/repository/org/apache/hbase/hbase-metrics/2.5.2/hbase-metrics-2.5.2.jar:/home/pelatro/.m2/repository/javax/activation/javax.activation-api/1.2.0/javax.activation-api-1.2.0.jar:/home/pelatro/.m2/repository/org/apache/hbase/hbase-protocol-shaded/2.5.2/hbase-protocol-shaded-2.5.2.jar:/home/pelatro/.m2/repository/org/apache/hbase/hbase-protocol/2.5.2/hbase-protocol-2.5.2.jar:/home/pelatro/.m2/repository/org/apache/hbase/thirdparty/hbase-shaded-miscellaneous/4.1.3/hbase-shaded-miscellaneous-4.1.3.jar:/home/pelatro/.m2/repository/com/google/protobuf/protobuf-java/2.5.0/protobuf-java-2.5.0.jar:/home/pelatro/.m2/repository/org/apache/hbase/thirdparty/hbase-shaded-netty/4.1.3/hbase-shaded-netty-4.1.3.jar:/home/pelatro/.m2/repository/org/apache/zookeeper/zookeeper/3.5.7/zookeeper-3.5.7.jar:/home/pelatro/.m2/repository/org/apache/zookeeper/zookeeper-jute/3.5.7/zookeeper-jute-3.5.7.jar:/home/pelatro/.m2/repository/io/netty/netty-handler/4.1.45.Final/netty-handler-4.1.45.Final.jar:/home/pelatro/.m2/repository/io/netty/netty-common/4.1.45.Final/netty-common-4.1.45.Final.jar:/home/pelatro/.m2/repository/io/netty/netty-buffer/4.1.45.Final/netty-buffer-4.1.45.Final.jar:/home/pelatro/.m2/repository/io/netty/netty-transport/4.1.45.Final/netty-transport-4.1.45.Final.jar:/home/pelatro/.m2/repository/io/netty/netty-resolver/4.1.45.Final/netty-resolver-4.1.45.Final.jar:/home/pelatro/.m2/repository/io/netty/netty-codec/4.1.45.Final/netty-codec-4.1.45.Final.jar:/home/pelatro/.m2/repository/io/netty/netty-transport-native-epoll/4.1.45.Final/netty-transport-native-epoll-4.1.45.Final.jar:/home/pelatro/.m2/repository/io/netty/netty-transport-native-unix-common/4.1.45.Final/netty-transport-native-unix-common-4.1.45.Final.jar:/home/pelatro/.m2/repository/io/opentelemetry/opentelemetry-api/1.15.0/opentelemetry-api-1.15.0.jar:/home/pelatro/.m2/repository/io/opentelemetry/opentelemetry-context/1.15.0/opentelemetry-context-1.15.0.jar:/home/pelatro/.m2/repository/org/jruby/jcodings/jcodings/1.0.55/jcodings-1.0.55.jar:/home/pelatro/.m2/repository/org/jruby/joni/joni/2.1.31/joni-2.1.31.jar:/home/pelatro/.m2/repository/io/dropwizard/metrics/metrics-core/3.2.6/metrics-core-3.2.6.jar:/home/pelatro/.m2/repository/org/apache/commons/commons-crypto/1.1.0/commons-crypto-1.1.0.jar:/home/pelatro/.m2/repository/org/apache/yetus/audience-annotations/0.13.0/audience-annotations-0.13.0.jar:/home/pelatro/.m2/repository/org/apache/hadoop/hadoop-auth/2.10.2/hadoop-auth-2.10.2.jar:/home/pelatro/.m2/repository/com/nimbusds/nimbus-jose-jwt/7.9/nimbus-jose-jwt-7.9.jar:/home/pelatro/.m2/repository/com/github/stephenc/jcip/jcip-annotations/1.0-1/jcip-annotations-1.0-1.jar:/home/pelatro/.m2/repository/org/apache/directory/server/apacheds-kerberos-codec/2.0.0-M15/apacheds-kerberos-codec-2.0.0-M15.jar:/home/pelatro/.m2/repository/org/apache/directory/server/apacheds-i18n/2.0.0-M15/apacheds-i18n-2.0.0-M15.jar:/home/pelatro/.m2/repository/org/apache/directory/api/api-asn1-api/1.0.0-M20/api-asn1-api-1.0.0-M20.jar:/home/pelatro/.m2/repository/org/apache/directory/api/api-util/1.0.0-M20/api-util-1.0.0-M20.jar:/home/pelatro/.m2/repository/org/apache/curator/curator-framework/2.13.0/curator-framework-2.13.0.jar:/home/pelatro/.m2/repository/org/apache/hadoop/hadoop-common/2.10.2/hadoop-common-2.10.2.jar:/home/pelatro/.m2/repository/org/apache/hadoop/hadoop-annotations/2.10.2/hadoop-annotations-2.10.2.jar:/usr/lib/jvm/java-8-openjdk-amd64/jre/../lib/tools.jar:/home/pelatro/.m2/repository/commons-cli/commons-cli/1.2/commons-cli-1.2.jar:/home/pelatro/.m2/repository/org/apache/commons/commons-math3/3.1.1/commons-math3-3.1.1.jar:/home/pelatro/.m2/repository/xmlenc/xmlenc/0.52/xmlenc-0.52.jar:/home/pelatro/.m2/repository/org/mortbay/jetty/jetty-sslengine/6.1.26/jetty-sslengine-6.1.26.jar:/home/pelatro/.m2/repository/ch/qos/reload4j/reload4j/1.2.18.3/reload4j-1.2.18.3.jar:/home/pelatro/.m2/repository/commons-lang/commons-lang/2.6/commons-lang-2.6.jar:/home/pelatro/.m2/repository/commons-configuration/commons-configuration/1.6/commons-configuration-1.6.jar:/home/pelatro/.m2/repository/commons-digester/commons-digester/1.8/commons-digester-1.8.jar:/home/pelatro/.m2/repository/commons-beanutils/commons-beanutils/1.9.4/commons-beanutils-1.9.4.jar:/home/pelatro/.m2/repository/org/slf4j/slf4j-reload4j/1.7.36/slf4j-reload4j-1.7.36.jar:/home/pelatro/.m2/repository/org/codehaus/jackson/jackson-core-asl/1.9.13/jackson-core-asl-1.9.13.jar:/home/pelatro/.m2/repository/org/codehaus/jackson/jackson-mapper-asl/1.9.13/jackson-mapper-asl-1.9.13.jar:/home/pelatro/.m2/repository/org/apache/avro/avro/1.7.7/avro-1.7.7.jar:/home/pelatro/.m2/repository/com/thoughtworks/paranamer/paranamer/2.3/paranamer-2.3.jar:/home/pelatro/.m2/repository/org/xerial/snappy/snappy-java/1.0.5/snappy-java-1.0.5.jar:/home/pelatro/.m2/repository/org/apache/curator/curator-client/2.13.0/curator-client-2.13.0.jar:/home/pelatro/.m2/repository/org/apache/curator/curator-recipes/2.13.0/curator-recipes-2.13.0.jar:/home/pelatro/.m2/repository/org/apache/htrace/htrace-core4/4.1.0-incubating/htrace-core4-4.1.0-incubating.jar:/home/pelatro/.m2/repository/org/apache/commons/commons-compress/1.21/commons-compress-1.21.jar:/home/pelatro/.m2/repository/org/codehaus/woodstox/stax2-api/4.2.1/stax2-api-4.2.1.jar:/home/pelatro/.m2/repository/com/fasterxml/woodstox/woodstox-core/5.3.0/woodstox-core-5.3.0.jar:/home/pelatro/.m2/repository/org/apache/poi/poi-ooxml/3.9/poi-ooxml-3.9.jar:/home/pelatro/.m2/repository/org/apache/poi/poi/3.9/poi-3.9.jar:/home/pelatro/.m2/repository/org/apache/poi/poi-ooxml-schemas/3.9/poi-ooxml-schemas-3.9.jar:/home/pelatro/.m2/repository/org/apache/xmlbeans/xmlbeans/2.3.0/xmlbeans-2.3.0.jar:/home/pelatro/.m2/repository/stax/stax-api/1.0.1/stax-api-1.0.1.jar:/home/pelatro/.m2/repository/dom4j/dom4j/1.6.1/dom4j-1.6.1.jar:/home/pelatro/.m2/repository/org/apache/maven/surefire/surefire-testng-utils/2.20.1/surefire-testng-utils-2.20.1.jar:/home/pelatro/.m2/repository/org/apache/maven/surefire/surefire-grouper/2.20.1/surefire-grouper-2.20.1.jar:"/>
    <property name="java.vm.vendor" value="Private Build"/>
    <property name="sun.arch.data.model" value="64"/>
    <property name="java.vendor.url" value="http://java.oracle.com/"/>
    <property name="user.timezone" value=""/>
    <property name="java.vm.specification.version" value="1.8"/>
    <property name="os.name" value="Linux"/>
    <property name="user.country" value="IN"/>
    <property name="sun.java.launcher" value="SUN_STANDARD"/>
    <property name="sun.boot.library.path" value="/usr/lib/jvm/java-8-openjdk-amd64/jre/lib/amd64"/>
    <property name="sun.java.command" value="/home/pelatro/automation/validationOfLogin/target/surefire/surefirebooter8880530259765432944.jar /home/pelatro/automation/validationOfLogin/target/surefire 2024-12-30T11-38-58_916-jvmRun1 surefire15803582764669309tmp surefire_04475037739207595801tmp"/>
    <property name="surefire.test.class.path" value="/home/pelatro/automation/validationOfLogin/target/test-classes:/home/pelatro/automation/validationOfLogin/target/classes:/home/pelatro/.m2/repository/net/serenity-bdd/serenity-core/2.0.64/serenity-core-2.0.64.jar:/home/pelatro/.m2/repository/net/bytebuddy/byte-buddy/1.9.12/byte-buddy-1.9.12.jar:/home/pelatro/.m2/repository/net/bytebuddy/byte-buddy-agent/1.9.12/byte-buddy-agent-1.9.12.jar:/home/pelatro/.m2/repository/com/google/guava/guava/25.0-jre/guava-25.0-jre.jar:/home/pelatro/.m2/repository/com/google/code/findbugs/jsr305/1.3.9/jsr305-1.3.9.jar:/home/pelatro/.m2/repository/org/checkerframework/checker-compat-qual/2.0.0/checker-compat-qual-2.0.0.jar:/home/pelatro/.m2/repository/com/google/errorprone/error_prone_annotations/2.1.3/error_prone_annotations-2.1.3.jar:/home/pelatro/.m2/repository/com/google/j2objc/j2objc-annotations/1.1/j2objc-annotations-1.1.jar:/home/pelatro/.m2/repository/org/codehaus/mojo/animal-sniffer-annotations/1.14/animal-sniffer-annotations-1.14.jar:/home/pelatro/.m2/repository/com/google/inject/guice/4.2.2/guice-4.2.2.jar:/home/pelatro/.m2/repository/javax/inject/javax.inject/1/javax.inject-1.jar:/home/pelatro/.m2/repository/aopalliance/aopalliance/1.0/aopalliance-1.0.jar:/home/pelatro/.m2/repository/cglib/cglib/3.2.5/cglib-3.2.5.jar:/home/pelatro/.m2/repository/org/ow2/asm/asm/5.0.3/asm-5.0.3.jar:/home/pelatro/.m2/repository/commons-codec/commons-codec/1.10/commons-codec-1.10.jar:/home/pelatro/.m2/repository/org/objenesis/objenesis/2.6/objenesis-2.6.jar:/home/pelatro/.m2/repository/org/slf4j/slf4j-api/1.7.25/slf4j-api-1.7.25.jar:/home/pelatro/.m2/repository/xml-apis/xml-apis/1.4.01/xml-apis-1.4.01.jar:/home/pelatro/.m2/repository/io/cucumber/cucumber-core/2.4.0/cucumber-core-2.4.0.jar:/home/pelatro/.m2/repository/info/cukes/cucumber-html/0.2.6/cucumber-html-0.2.6.jar:/home/pelatro/.m2/repository/io/cucumber/cucumber-jvm-deps/1.0.6/cucumber-jvm-deps-1.0.6.jar:/home/pelatro/.m2/repository/io/cucumber/gherkin/5.0.0/gherkin-5.0.0.jar:/home/pelatro/.m2/repository/io/cucumber/tag-expressions/1.1.1/tag-expressions-1.1.1.jar:/home/pelatro/.m2/repository/commons-logging/commons-logging/1.2/commons-logging-1.2.jar:/home/pelatro/.m2/repository/io/vavr/vavr/0.9.0/vavr-0.9.0.jar:/home/pelatro/.m2/repository/io/vavr/vavr-match/0.9.0/vavr-match-0.9.0.jar:/home/pelatro/.m2/repository/javax/xml/bind/jaxb-api/2.2.12/jaxb-api-2.2.12.jar:/home/pelatro/.m2/repository/com/sun/xml/bind/jaxb-core/2.3.0.1/jaxb-core-2.3.0.1.jar:/home/pelatro/.m2/repository/com/sun/xml/bind/jaxb-impl/2.3.0.1/jaxb-impl-2.3.0.1.jar:/home/pelatro/.m2/repository/javax/activation/activation/1.1.1/activation-1.1.1.jar:/home/pelatro/.m2/repository/org/mockito/mockito-core/2.25.0/mockito-core-2.25.0.jar:/home/pelatro/.m2/repository/net/serenity-bdd/serenity-report-resources/2.0.64/serenity-report-resources-2.0.64.jar:/home/pelatro/.m2/repository/net/serenity-bdd/serenity-model/2.0.64/serenity-model-2.0.64.jar:/home/pelatro/.m2/repository/commons-net/commons-net/3.6/commons-net-3.6.jar:/home/pelatro/.m2/repository/org/apache/commons/commons-text/1.6/commons-text-1.6.jar:/home/pelatro/.m2/repository/net/serenity-bdd/serenity-reports/2.0.64/serenity-reports-2.0.64.jar:/home/pelatro/.m2/repository/net/serenity-bdd/serenity-stats/2.0.64/serenity-stats-2.0.64.jar:/home/pelatro/.m2/repository/org/jetbrains/kotlin/kotlin-stdlib/1.3.31/kotlin-stdlib-1.3.31.jar:/home/pelatro/.m2/repository/org/jetbrains/kotlin/kotlin-stdlib-common/1.3.31/kotlin-stdlib-common-1.3.31.jar:/home/pelatro/.m2/repository/org/jetbrains/annotations/13.0/annotations-13.0.jar:/home/pelatro/.m2/repository/com/google/code/gson/gson/2.8.4/gson-2.8.4.jar:/home/pelatro/.m2/repository/commons-io/commons-io/2.6/commons-io-2.6.jar:/home/pelatro/.m2/repository/org/seleniumhq/selenium/selenium-server/3.141.59/selenium-server-3.141.59.jar:/home/pelatro/.m2/repository/org/seleniumhq/selenium/selenium-firefox-driver/3.141.59/selenium-firefox-driver-3.141.59.jar:/home/pelatro/.m2/repository/org/seleniumhq/selenium/selenium-ie-driver/3.141.59/selenium-ie-driver-3.141.59.jar:/home/pelatro/.m2/repository/org/apache/commons/commons-exec/1.3/commons-exec-1.3.jar:/home/pelatro/.m2/repository/net/jcip/jcip-annotations/1.0/jcip-annotations-1.0.jar:/home/pelatro/.m2/repository/org/seleniumhq/selenium/jetty-repacked/9.4.12.v20180830/jetty-repacked-9.4.12.v20180830.jar:/home/pelatro/.m2/repository/com/squareup/okhttp3/okhttp/3.11.0/okhttp-3.11.0.jar:/home/pelatro/.m2/repository/com/squareup/okio/okio/1.14.0/okio-1.14.0.jar:/home/pelatro/.m2/repository/javax/servlet/javax.servlet-api/3.1.0/javax.servlet-api-3.1.0.jar:/home/pelatro/.m2/repository/org/yaml/snakeyaml/1.19/snakeyaml-1.19.jar:/home/pelatro/.m2/repository/org/seleniumhq/selenium/selenium-java/3.141.59/selenium-java-3.141.59.jar:/home/pelatro/.m2/repository/org/seleniumhq/selenium/selenium-api/3.141.59/selenium-api-3.141.59.jar:/home/pelatro/.m2/repository/org/seleniumhq/selenium/selenium-chrome-driver/3.141.59/selenium-chrome-driver-3.141.59.jar:/home/pelatro/.m2/repository/org/seleniumhq/selenium/selenium-edge-driver/3.141.59/selenium-edge-driver-3.141.59.jar:/home/pelatro/.m2/repository/org/seleniumhq/selenium/selenium-remote-driver/3.141.59/selenium-remote-driver-3.141.59.jar:/home/pelatro/.m2/repository/org/seleniumhq/selenium/selenium-safari-driver/3.141.59/selenium-safari-driver-3.141.59.jar:/home/pelatro/.m2/repository/org/seleniumhq/selenium/selenium-opera-driver/3.141.59/selenium-opera-driver-3.141.59.jar:/home/pelatro/.m2/repository/org/seleniumhq/selenium/selenium-support/3.141.59/selenium-support-3.141.59.jar:/home/pelatro/.m2/repository/com/paulhammant/ngwebdriver/1.1.4/ngwebdriver-1.1.4.jar:/home/pelatro/.m2/repository/com/codeborne/phantomjsdriver/1.4.4/phantomjsdriver-1.4.4.jar:/home/pelatro/.m2/repository/org/eclipse/jetty/jetty-util/9.4.8.v20171121/jetty-util-9.4.8.v20171121.jar:/home/pelatro/.m2/repository/org/eclipse/jetty/jetty-io/9.4.8.v20171121/jetty-io-9.4.8.v20171121.jar:/home/pelatro/.m2/repository/org/seleniumhq/selenium/htmlunit-driver/2.33.1/htmlunit-driver-2.33.1.jar:/home/pelatro/.m2/repository/io/appium/java-client/7.0.0/java-client-7.0.0.jar:/home/pelatro/.m2/repository/commons-validator/commons-validator/1.6/commons-validator-1.6.jar:/home/pelatro/.m2/repository/org/aspectj/aspectjweaver/1.9.1/aspectjweaver-1.9.1.jar:/home/pelatro/.m2/repository/org/springframework/spring-context-support/5.1.2.RELEASE/spring-context-support-5.1.2.RELEASE.jar:/home/pelatro/.m2/repository/org/springframework/spring-beans/5.1.2.RELEASE/spring-beans-5.1.2.RELEASE.jar:/home/pelatro/.m2/repository/org/springframework/spring-context/5.1.2.RELEASE/spring-context-5.1.2.RELEASE.jar:/home/pelatro/.m2/repository/org/springframework/spring-aop/5.1.2.RELEASE/spring-aop-5.1.2.RELEASE.jar:/home/pelatro/.m2/repository/org/springframework/spring-expression/5.1.2.RELEASE/spring-expression-5.1.2.RELEASE.jar:/home/pelatro/.m2/repository/org/springframework/spring-core/5.1.2.RELEASE/spring-core-5.1.2.RELEASE.jar:/home/pelatro/.m2/repository/org/springframework/spring-jcl/5.1.2.RELEASE/spring-jcl-5.1.2.RELEASE.jar:/home/pelatro/.m2/repository/org/glassfish/tyrus/tyrus-core/1.13.1/tyrus-core-1.13.1.jar:/home/pelatro/.m2/repository/org/glassfish/tyrus/tyrus-spi/1.13.1/tyrus-spi-1.13.1.jar:/home/pelatro/.m2/repository/javax/websocket/javax.websocket-api/1.1/javax.websocket-api-1.1.jar:/home/pelatro/.m2/repository/org/codehaus/groovy/groovy/2.5.5/groovy-2.5.5.jar:/home/pelatro/.m2/repository/net/sf/opencsv/opencsv/2.0/opencsv-2.0.jar:/home/pelatro/.m2/repository/commons-beanutils/commons-beanutils-core/1.8.3/commons-beanutils-core-1.8.3.jar:/home/pelatro/.m2/repository/joda-time/joda-time/2.7/joda-time-2.7.jar:/home/pelatro/.m2/repository/com/thoughtworks/xstream/xstream/1.4.9/xstream-1.4.9.jar:/home/pelatro/.m2/repository/xmlpull/xmlpull/1.1.3.1/xmlpull-1.1.3.1.jar:/home/pelatro/.m2/repository/xpp3/xpp3_min/1.1.4c/xpp3_min-1.1.4c.jar:/home/pelatro/.m2/repository/org/apache/commons/commons-lang3/3.8.1/commons-lang3-3.8.1.jar:/home/pelatro/.m2/repository/commons-collections/commons-collections/3.2.2/commons-collections-3.2.2.jar:/home/pelatro/.m2/repository/org/freemarker/freemarker/2.3.28/freemarker-2.3.28.jar:/home/pelatro/.m2/repository/net/sourceforge/jexcelapi/jxl/2.6.12/jxl-2.6.12.jar:/home/pelatro/.m2/repository/org/hamcrest/hamcrest-core/1.3/hamcrest-core-1.3.jar:/home/pelatro/.m2/repository/org/hamcrest/hamcrest-library/1.3/hamcrest-library-1.3.jar:/home/pelatro/.m2/repository/net/sourceforge/htmlunit/htmlunit/2.33/htmlunit-2.33.jar:/home/pelatro/.m2/repository/net/sourceforge/htmlunit/htmlunit-core-js/2.33/htmlunit-core-js-2.33.jar:/home/pelatro/.m2/repository/net/sourceforge/htmlunit/neko-htmlunit/2.33/neko-htmlunit-2.33.jar:/home/pelatro/.m2/repository/xerces/xercesImpl/2.12.0/xercesImpl-2.12.0.jar:/home/pelatro/.m2/repository/net/sourceforge/htmlunit/htmlunit-cssparser/1.2.0/htmlunit-cssparser-1.2.0.jar:/home/pelatro/.m2/repository/org/eclipse/jetty/websocket/websocket-client/9.4.12.v20180830/websocket-client-9.4.12.v20180830.jar:/home/pelatro/.m2/repository/org/eclipse/jetty/jetty-client/9.4.12.v20180830/jetty-client-9.4.12.v20180830.jar:/home/pelatro/.m2/repository/org/eclipse/jetty/jetty-http/9.4.12.v20180830/jetty-http-9.4.12.v20180830.jar:/home/pelatro/.m2/repository/org/eclipse/jetty/jetty-xml/9.4.12.v20180830/jetty-xml-9.4.12.v20180830.jar:/home/pelatro/.m2/repository/org/eclipse/jetty/websocket/websocket-common/9.4.12.v20180830/websocket-common-9.4.12.v20180830.jar:/home/pelatro/.m2/repository/org/eclipse/jetty/websocket/websocket-api/9.4.12.v20180830/websocket-api-9.4.12.v20180830.jar:/home/pelatro/.m2/repository/org/apache/httpcomponents/httpclient/4.5.5/httpclient-4.5.5.jar:/home/pelatro/.m2/repository/org/apache/httpcomponents/httpcore/4.4.9/httpcore-4.4.9.jar:/home/pelatro/.m2/repository/org/apache/httpcomponents/httpmime/4.5.5/httpmime-4.5.5.jar:/home/pelatro/.m2/repository/org/fluentlenium/fluentlenium-core/0.10.2/fluentlenium-core-0.10.2.jar:/home/pelatro/.m2/repository/com/jhlabs/filters/2.0.235/filters-2.0.235.jar:/home/pelatro/.m2/repository/org/asciidoctor/asciidoctorj/1.5.6/asciidoctorj-1.5.6.jar:/home/pelatro/.m2/repository/org/jruby/jruby-complete/1.7.26/jruby-complete-1.7.26.jar:/home/pelatro/.m2/repository/org/imgscalr/imgscalr-lib/4.2/imgscalr-lib-4.2.jar:/home/pelatro/.m2/repository/javax/el/javax.el-api/2.2.4/javax.el-api-2.2.4.jar:/home/pelatro/.m2/repository/org/glassfish/web/javax.el/2.2.4/javax.el-2.2.4.jar:/home/pelatro/.m2/repository/xalan/xalan/2.7.2/xalan-2.7.2.jar:/home/pelatro/.m2/repository/xalan/serializer/2.7.2/serializer-2.7.2.jar:/home/pelatro/.m2/repository/org/awaitility/awaitility/3.1.0/awaitility-3.1.0.jar:/home/pelatro/.m2/repository/com/typesafe/config/1.3.1/config-1.3.1.jar:/home/pelatro/.m2/repository/org/jsoup/jsoup/1.10.3/jsoup-1.10.3.jar:/home/pelatro/.m2/repository/com/google/jimfs/jimfs/1.1/jimfs-1.1.jar:/home/pelatro/.m2/repository/es/nitaur/markdown/txtmark/0.16/txtmark-0.16.jar:/home/pelatro/.m2/repository/com/vladsch/flexmark/flexmark-all/0.34.30/flexmark-all-0.34.30.jar:/home/pelatro/.m2/repository/com/vladsch/flexmark/flexmark/0.34.30/flexmark-0.34.30.jar:/home/pelatro/.m2/repository/com/vladsch/flexmark/flexmark-ext-abbreviation/0.34.30/flexmark-ext-abbreviation-0.34.30.jar:/home/pelatro/.m2/repository/com/vladsch/flexmark/flexmark-ext-admonition/0.34.30/flexmark-ext-admonition-0.34.30.jar:/home/pelatro/.m2/repository/com/vladsch/flexmark/flexmark-ext-anchorlink/0.34.30/flexmark-ext-anchorlink-0.34.30.jar:/home/pelatro/.m2/repository/com/vladsch/flexmark/flexmark-ext-aside/0.34.30/flexmark-ext-aside-0.34.30.jar:/home/pelatro/.m2/repository/com/vladsch/flexmark/flexmark-ext-attributes/0.34.30/flexmark-ext-attributes-0.34.30.jar:/home/pelatro/.m2/repository/com/vladsch/flexmark/flexmark-ext-autolink/0.34.30/flexmark-ext-autolink-0.34.30.jar:/home/pelatro/.m2/repository/org/nibor/autolink/autolink/0.6.0/autolink-0.6.0.jar:/home/pelatro/.m2/repository/com/vladsch/flexmark/flexmark-ext-definition/0.34.30/flexmark-ext-definition-0.34.30.jar:/home/pelatro/.m2/repository/com/vladsch/flexmark/flexmark-ext-emoji/0.34.30/flexmark-ext-emoji-0.34.30.jar:/home/pelatro/.m2/repository/com/vladsch/flexmark/flexmark-ext-enumerated-reference/0.34.30/flexmark-ext-enumerated-reference-0.34.30.jar:/home/pelatro/.m2/repository/com/vladsch/flexmark/flexmark-ext-escaped-character/0.34.30/flexmark-ext-escaped-character-0.34.30.jar:/home/pelatro/.m2/repository/com/vladsch/flexmark/flexmark-ext-footnotes/0.34.30/flexmark-ext-footnotes-0.34.30.jar:/home/pelatro/.m2/repository/com/vladsch/flexmark/flexmark-ext-gfm-issues/0.34.30/flexmark-ext-gfm-issues-0.34.30.jar:/home/pelatro/.m2/repository/com/vladsch/flexmark/flexmark-ext-gfm-strikethrough/0.34.30/flexmark-ext-gfm-strikethrough-0.34.30.jar:/home/pelatro/.m2/repository/com/vladsch/flexmark/flexmark-ext-gfm-tables/0.34.30/flexmark-ext-gfm-tables-0.34.30.jar:/home/pelatro/.m2/repository/com/vladsch/flexmark/flexmark-ext-gfm-tasklist/0.34.30/flexmark-ext-gfm-tasklist-0.34.30.jar:/home/pelatro/.m2/repository/com/vladsch/flexmark/flexmark-ext-gfm-users/0.34.30/flexmark-ext-gfm-users-0.34.30.jar:/home/pelatro/.m2/repository/com/vladsch/flexmark/flexmark-ext-gitlab/0.34.30/flexmark-ext-gitlab-0.34.30.jar:/home/pelatro/.m2/repository/com/vladsch/flexmark/flexmark-ext-jekyll-front-matter/0.34.30/flexmark-ext-jekyll-front-matter-0.34.30.jar:/home/pelatro/.m2/repository/com/vladsch/flexmark/flexmark-ext-jekyll-tag/0.34.30/flexmark-ext-jekyll-tag-0.34.30.jar:/home/pelatro/.m2/repository/com/vladsch/flexmark/flexmark-ext-media-tags/0.34.30/flexmark-ext-media-tags-0.34.30.jar:/home/pelatro/.m2/repository/com/vladsch/flexmark/flexmark-test-util/0.34.30/flexmark-test-util-0.34.30.jar:/home/pelatro/.m2/repository/com/vladsch/flexmark/flexmark-ext-ins/0.34.30/flexmark-ext-ins-0.34.30.jar:/home/pelatro/.m2/repository/com/vladsch/flexmark/flexmark-ext-xwiki-macros/0.34.30/flexmark-ext-xwiki-macros-0.34.30.jar:/home/pelatro/.m2/repository/com/vladsch/flexmark/flexmark-ext-superscript/0.34.30/flexmark-ext-superscript-0.34.30.jar:/home/pelatro/.m2/repository/com/vladsch/flexmark/flexmark-ext-tables/0.34.30/flexmark-ext-tables-0.34.30.jar:/home/pelatro/.m2/repository/com/vladsch/flexmark/flexmark-ext-toc/0.34.30/flexmark-ext-toc-0.34.30.jar:/home/pelatro/.m2/repository/com/vladsch/flexmark/flexmark-ext-typographic/0.34.30/flexmark-ext-typographic-0.34.30.jar:/home/pelatro/.m2/repository/com/vladsch/flexmark/flexmark-ext-wikilink/0.34.30/flexmark-ext-wikilink-0.34.30.jar:/home/pelatro/.m2/repository/com/vladsch/flexmark/flexmark-ext-yaml-front-matter/0.34.30/flexmark-ext-yaml-front-matter-0.34.30.jar:/home/pelatro/.m2/repository/com/vladsch/flexmark/flexmark-ext-youtube-embedded/0.34.30/flexmark-ext-youtube-embedded-0.34.30.jar:/home/pelatro/.m2/repository/com/vladsch/flexmark/flexmark-formatter/0.34.30/flexmark-formatter-0.34.30.jar:/home/pelatro/.m2/repository/com/vladsch/flexmark/flexmark-html-parser/0.34.30/flexmark-html-parser-0.34.30.jar:/home/pelatro/.m2/repository/com/vladsch/flexmark/flexmark-jira-converter/0.34.30/flexmark-jira-converter-0.34.30.jar:/home/pelatro/.m2/repository/com/vladsch/flexmark/flexmark-pdf-converter/0.34.30/flexmark-pdf-converter-0.34.30.jar:/home/pelatro/.m2/repository/com/openhtmltopdf/openhtmltopdf-core/0.0.1-RC13/openhtmltopdf-core-0.0.1-RC13.jar:/home/pelatro/.m2/repository/com/openhtmltopdf/openhtmltopdf-pdfbox/0.0.1-RC13/openhtmltopdf-pdfbox-0.0.1-RC13.jar:/home/pelatro/.m2/repository/org/apache/pdfbox/pdfbox/2.0.8/pdfbox-2.0.8.jar:/home/pelatro/.m2/repository/org/apache/pdfbox/fontbox/2.0.8/fontbox-2.0.8.jar:/home/pelatro/.m2/repository/org/apache/pdfbox/xmpbox/2.0.8/xmpbox-2.0.8.jar:/home/pelatro/.m2/repository/de/rototor/pdfbox/graphics2d/0.12/graphics2d-0.12.jar:/home/pelatro/.m2/repository/com/openhtmltopdf/openhtmltopdf-rtl-support/0.0.1-RC13/openhtmltopdf-rtl-support-0.0.1-RC13.jar:/home/pelatro/.m2/repository/com/ibm/icu/icu4j/59.1/icu4j-59.1.jar:/home/pelatro/.m2/repository/com/openhtmltopdf/openhtmltopdf-jsoup-dom-converter/0.0.1-RC13/openhtmltopdf-jsoup-dom-converter-0.0.1-RC13.jar:/home/pelatro/.m2/repository/com/vladsch/flexmark/flexmark-profile-pegdown/0.34.30/flexmark-profile-pegdown-0.34.30.jar:/home/pelatro/.m2/repository/com/vladsch/flexmark/flexmark-util/0.34.30/flexmark-util-0.34.30.jar:/home/pelatro/.m2/repository/com/vladsch/flexmark/flexmark-youtrack-converter/0.34.30/flexmark-youtrack-converter-0.34.30.jar:/home/pelatro/.m2/repository/net/serenity-bdd/maven/plugins/serenity-maven-plugin/1.8.1/serenity-maven-plugin-1.8.1.jar:/home/pelatro/.m2/repository/org/apache/maven/maven-core/3.5.0/maven-core-3.5.0.jar:/home/pelatro/.m2/repository/org/apache/maven/maven-model/3.5.0/maven-model-3.5.0.jar:/home/pelatro/.m2/repository/org/apache/maven/maven-settings/3.5.0/maven-settings-3.5.0.jar:/home/pelatro/.m2/repository/org/apache/maven/maven-settings-builder/3.5.0/maven-settings-builder-3.5.0.jar:/home/pelatro/.m2/repository/org/apache/maven/maven-builder-support/3.5.0/maven-builder-support-3.5.0.jar:/home/pelatro/.m2/repository/org/apache/maven/maven-repository-metadata/3.5.0/maven-repository-metadata-3.5.0.jar:/home/pelatro/.m2/repository/org/apache/maven/maven-artifact/3.5.0/maven-artifact-3.5.0.jar:/home/pelatro/.m2/repository/org/apache/maven/maven-model-builder/3.5.0/maven-model-builder-3.5.0.jar:/home/pelatro/.m2/repository/org/apache/maven/maven-resolver-provider/3.5.0/maven-resolver-provider-3.5.0.jar:/home/pelatro/.m2/repository/org/apache/maven/resolver/maven-resolver-impl/1.0.3/maven-resolver-impl-1.0.3.jar:/home/pelatro/.m2/repository/org/apache/maven/resolver/maven-resolver-api/1.0.3/maven-resolver-api-1.0.3.jar:/home/pelatro/.m2/repository/org/apache/maven/resolver/maven-resolver-spi/1.0.3/maven-resolver-spi-1.0.3.jar:/home/pelatro/.m2/repository/org/apache/maven/resolver/maven-resolver-util/1.0.3/maven-resolver-util-1.0.3.jar:/home/pelatro/.m2/repository/org/apache/maven/shared/maven-shared-utils/3.1.0/maven-shared-utils-3.1.0.jar:/home/pelatro/.m2/repository/org/eclipse/sisu/org.eclipse.sisu.plexus/0.3.3/org.eclipse.sisu.plexus-0.3.3.jar:/home/pelatro/.m2/repository/javax/enterprise/cdi-api/1.0/cdi-api-1.0.jar:/home/pelatro/.m2/repository/javax/annotation/jsr250-api/1.0/jsr250-api-1.0.jar:/home/pelatro/.m2/repository/org/eclipse/sisu/org.eclipse.sisu.inject/0.3.3/org.eclipse.sisu.inject-0.3.3.jar:/home/pelatro/.m2/repository/org/codehaus/plexus/plexus-interpolation/1.24/plexus-interpolation-1.24.jar:/home/pelatro/.m2/repository/org/codehaus/plexus/plexus-utils/3.0.24/plexus-utils-3.0.24.jar:/home/pelatro/.m2/repository/org/codehaus/plexus/plexus-classworlds/2.5.2/plexus-classworlds-2.5.2.jar:/home/pelatro/.m2/repository/org/codehaus/plexus/plexus-component-annotations/1.7.1/plexus-component-annotations-1.7.1.jar:/home/pelatro/.m2/repository/org/sonatype/plexus/plexus-sec-dispatcher/1.4/plexus-sec-dispatcher-1.4.jar:/home/pelatro/.m2/repository/org/sonatype/plexus/plexus-cipher/1.4/plexus-cipher-1.4.jar:/home/pelatro/.m2/repository/org/apache/maven/maven-plugin-api/3.5.0/maven-plugin-api-3.5.0.jar:/home/pelatro/.m2/repository/org/apache/maven/reporting/maven-reporting-api/3.0/maven-reporting-api-3.0.jar:/home/pelatro/.m2/repository/org/apache/maven/doxia/doxia-sink-api/1.0/doxia-sink-api-1.0.jar:/home/pelatro/.m2/repository/org/apache/maven/plugin-tools/maven-plugin-annotations/3.5/maven-plugin-annotations-3.5.jar:/home/pelatro/.m2/repository/net/serenity-bdd/serenity-junit/2.0.64/serenity-junit-2.0.64.jar:/home/pelatro/.m2/repository/net/serenity-bdd/serenity-screenplay/2.0.64/serenity-screenplay-2.0.64.jar:/home/pelatro/.m2/repository/uk/com/robust-it/cloning/1.9.10/cloning-1.9.10.jar:/home/pelatro/.m2/repository/net/serenity-bdd/serenity-screenplay-webdriver/2.0.64/serenity-screenplay-webdriver-2.0.64.jar:/home/pelatro/.m2/repository/junit/junit/4.13.2/junit-4.13.2.jar:/home/pelatro/.m2/repository/org/assertj/assertj-core/3.6.2/assertj-core-3.6.2.jar:/home/pelatro/.m2/repository/org/hamcrest/hamcrest-all/1.3/hamcrest-all-1.3.jar:/home/pelatro/.m2/repository/org/apache/maven/plugins/maven-surefire-plugin/2.20/maven-surefire-plugin-2.20.jar:/home/pelatro/.m2/repository/org/apache/maven/surefire/maven-surefire-common/2.20/maven-surefire-common-2.20.jar:/home/pelatro/.m2/repository/org/apache/maven/maven-plugin-descriptor/2.2.1/maven-plugin-descriptor-2.2.1.jar:/home/pelatro/.m2/repository/org/codehaus/plexus/plexus-container-default/1.0-alpha-9-stable-1/plexus-container-default-1.0-alpha-9-stable-1.jar:/home/pelatro/.m2/repository/classworlds/classworlds/1.1-alpha-2/classworlds-1.1-alpha-2.jar:/home/pelatro/.m2/repository/org/apache/maven/maven-project/2.2.1/maven-project-2.2.1.jar:/home/pelatro/.m2/repository/org/apache/maven/maven-profile/2.2.1/maven-profile-2.2.1.jar:/home/pelatro/.m2/repository/org/apache/maven/maven-artifact-manager/2.2.1/maven-artifact-manager-2.2.1.jar:/home/pelatro/.m2/repository/org/apache/maven/wagon/wagon-provider-api/1.0-beta-6/wagon-provider-api-1.0-beta-6.jar:/home/pelatro/.m2/repository/backport-util-concurrent/backport-util-concurrent/3.1/backport-util-concurrent-3.1.jar:/home/pelatro/.m2/repository/org/apache/maven/maven-plugin-registry/2.2.1/maven-plugin-registry-2.2.1.jar:/home/pelatro/.m2/repository/org/apache/maven/maven-toolchain/2.2.1/maven-toolchain-2.2.1.jar:/home/pelatro/.m2/repository/org/apache/maven/surefire/surefire-booter/2.20/surefire-booter-2.20.jar:/home/pelatro/.m2/repository/org/apache/maven/surefire/surefire-api/2.20/surefire-api-2.20.jar:/home/pelatro/.m2/repository/org/apache/maven/surefire/surefire-logger-api/2.20/surefire-logger-api-2.20.jar:/home/pelatro/.m2/repository/com/github/valfirst/jbehave-junit-runner/2.1.0/jbehave-junit-runner-2.1.0.jar:/home/pelatro/.m2/repository/org/testng/testng/6.14.3/testng-6.14.3.jar:/home/pelatro/.m2/repository/com/beust/jcommander/1.72/jcommander-1.72.jar:/home/pelatro/.m2/repository/org/apache-extras/beanshell/bsh/2.0b6/bsh-2.0b6.jar:/home/pelatro/.m2/repository/com/automation-remarks/video-recorder-core/1.0.5/video-recorder-core-1.0.5.jar:/home/pelatro/.m2/repository/ru/yandex/qatools/allure/allure-java-annotations/1.4.23/allure-java-annotations-1.4.23.jar:/home/pelatro/.m2/repository/ru/yandex/qatools/allure/allure-model/1.4.23/allure-model-1.4.23.jar:/home/pelatro/.m2/repository/org/jvnet/jaxb2_commons/jaxb2-basics-runtime/0.9.3/jaxb2-basics-runtime-0.9.3.jar:/home/pelatro/.m2/repository/ru/yandex/qatools/properties/properties-loader/1.5/properties-loader-1.5.jar:/home/pelatro/.m2/repository/org/postgresql/postgresql/42.2.15/postgresql-42.2.15.jar:/home/pelatro/.m2/repository/org/checkerframework/checker-qual/3.5.0/checker-qual-3.5.0.jar:/home/pelatro/.m2/repository/log4j/log4j/1.2.17/log4j-1.2.17.jar:/home/pelatro/.m2/repository/com/jcraft/jsch/0.1.54/jsch-0.1.54.jar:/home/pelatro/.m2/repository/com/fasterxml/jackson/core/jackson-databind/2.9.8/jackson-databind-2.9.8.jar:/home/pelatro/.m2/repository/com/fasterxml/jackson/core/jackson-core/2.9.8/jackson-core-2.9.8.jar:/home/pelatro/.m2/repository/com/fasterxml/jackson/core/jackson-annotations/2.14.2/jackson-annotations-2.14.2.jar:/home/pelatro/.m2/repository/org/json/json/20160810/json-20160810.jar:/home/pelatro/.m2/repository/net/serenity-bdd/serenity-rest-assured/2.0.64/serenity-rest-assured-2.0.64.jar:/home/pelatro/.m2/repository/io/rest-assured/rest-assured/3.3.0/rest-assured-3.3.0.jar:/home/pelatro/.m2/repository/org/ccil/cowan/tagsoup/tagsoup/1.2.1/tagsoup-1.2.1.jar:/home/pelatro/.m2/repository/io/rest-assured/json-path/3.3.0/json-path-3.3.0.jar:/home/pelatro/.m2/repository/io/rest-assured/rest-assured-common/3.3.0/rest-assured-common-3.3.0.jar:/home/pelatro/.m2/repository/io/rest-assured/xml-path/3.3.0/xml-path-3.3.0.jar:/home/pelatro/.m2/repository/com/sun/xml/bind/jaxb-osgi/2.2.10/jaxb-osgi-2.2.10.jar:/home/pelatro/.m2/repository/org/apache/sling/org.apache.sling.javax.activation/0.1.0/org.apache.sling.javax.activation-0.1.0.jar:/home/pelatro/.m2/repository/org/codehaus/groovy/groovy-xml/2.5.5/groovy-xml-2.5.5.jar:/home/pelatro/.m2/repository/org/codehaus/groovy/groovy-json/2.5.5/groovy-json-2.5.5.jar:/home/pelatro/.m2/repository/net/serenity-bdd/serenity-cucumber/1.9.39/serenity-cucumber-1.9.39.jar:/home/pelatro/.m2/repository/io/cucumber/cucumber-java/2.4.0/cucumber-java-2.4.0.jar:/home/pelatro/.m2/repository/io/cucumber/cucumber-junit/2.4.0/cucumber-junit-2.4.0.jar:/home/pelatro/.m2/repository/org/apache/commons/commons-csv/1.5/commons-csv-1.5.jar:/home/pelatro/.m2/repository/org/apache/hbase/hbase-client/2.5.2/hbase-client-2.5.2.jar:/home/pelatro/.m2/repository/org/apache/hbase/thirdparty/hbase-shaded-protobuf/4.1.3/hbase-shaded-protobuf-4.1.3.jar:/home/pelatro/.m2/repository/org/apache/hbase/hbase-common/2.5.2/hbase-common-2.5.2.jar:/home/pelatro/.m2/repository/org/apache/hbase/hbase-logging/2.5.2/hbase-logging-2.5.2.jar:/home/pelatro/.m2/repository/org/apache/hbase/thirdparty/hbase-shaded-gson/4.1.3/hbase-shaded-gson-4.1.3.jar:/home/pelatro/.m2/repository/org/apache/hbase/thirdparty/hbase-unsafe/4.1.3/hbase-unsafe-4.1.3.jar:/home/pelatro/.m2/repository/io/opentelemetry/opentelemetry-semconv/1.15.0-alpha/opentelemetry-semconv-1.15.0-alpha.jar:/home/pelatro/.m2/repository/org/apache/hbase/hbase-hadoop-compat/2.5.2/hbase-hadoop-compat-2.5.2.jar:/home/pelatro/.m2/repository/org/apache/hbase/hbase-metrics-api/2.5.2/hbase-metrics-api-2.5.2.jar:/home/pelatro/.m2/repository/org/apache/hbase/hbase-hadoop2-compat/2.5.2/hbase-hadoop2-compat-2.5.2.jar:/home/pelatro/.m2/repository/org/apache/hbase/hbase-metrics/2.5.2/hbase-metrics-2.5.2.jar:/home/pelatro/.m2/repository/javax/activation/javax.activation-api/1.2.0/javax.activation-api-1.2.0.jar:/home/pelatro/.m2/repository/org/apache/hbase/hbase-protocol-shaded/2.5.2/hbase-protocol-shaded-2.5.2.jar:/home/pelatro/.m2/repository/org/apache/hbase/hbase-protocol/2.5.2/hbase-protocol-2.5.2.jar:/home/pelatro/.m2/repository/org/apache/hbase/thirdparty/hbase-shaded-miscellaneous/4.1.3/hbase-shaded-miscellaneous-4.1.3.jar:/home/pelatro/.m2/repository/com/google/protobuf/protobuf-java/2.5.0/protobuf-java-2.5.0.jar:/home/pelatro/.m2/repository/org/apache/hbase/thirdparty/hbase-shaded-netty/4.1.3/hbase-shaded-netty-4.1.3.jar:/home/pelatro/.m2/repository/org/apache/zookeeper/zookeeper/3.5.7/zookeeper-3.5.7.jar:/home/pelatro/.m2/repository/org/apache/zookeeper/zookeeper-jute/3.5.7/zookeeper-jute-3.5.7.jar:/home/pelatro/.m2/repository/io/netty/netty-handler/4.1.45.Final/netty-handler-4.1.45.Final.jar:/home/pelatro/.m2/repository/io/netty/netty-common/4.1.45.Final/netty-common-4.1.45.Final.jar:/home/pelatro/.m2/repository/io/netty/netty-buffer/4.1.45.Final/netty-buffer-4.1.45.Final.jar:/home/pelatro/.m2/repository/io/netty/netty-transport/4.1.45.Final/netty-transport-4.1.45.Final.jar:/home/pelatro/.m2/repository/io/netty/netty-resolver/4.1.45.Final/netty-resolver-4.1.45.Final.jar:/home/pelatro/.m2/repository/io/netty/netty-codec/4.1.45.Final/netty-codec-4.1.45.Final.jar:/home/pelatro/.m2/repository/io/netty/netty-transport-native-epoll/4.1.45.Final/netty-transport-native-epoll-4.1.45.Final.jar:/home/pelatro/.m2/repository/io/netty/netty-transport-native-unix-common/4.1.45.Final/netty-transport-native-unix-common-4.1.45.Final.jar:/home/pelatro/.m2/repository/io/opentelemetry/opentelemetry-api/1.15.0/opentelemetry-api-1.15.0.jar:/home/pelatro/.m2/repository/io/opentelemetry/opentelemetry-context/1.15.0/opentelemetry-context-1.15.0.jar:/home/pelatro/.m2/repository/org/jruby/jcodings/jcodings/1.0.55/jcodings-1.0.55.jar:/home/pelatro/.m2/repository/org/jruby/joni/joni/2.1.31/joni-2.1.31.jar:/home/pelatro/.m2/repository/io/dropwizard/metrics/metrics-core/3.2.6/metrics-core-3.2.6.jar:/home/pelatro/.m2/repository/org/apache/commons/commons-crypto/1.1.0/commons-crypto-1.1.0.jar:/home/pelatro/.m2/repository/org/apache/yetus/audience-annotations/0.13.0/audience-annotations-0.13.0.jar:/home/pelatro/.m2/repository/org/apache/hadoop/hadoop-auth/2.10.2/hadoop-auth-2.10.2.jar:/home/pelatro/.m2/repository/com/nimbusds/nimbus-jose-jwt/7.9/nimbus-jose-jwt-7.9.jar:/home/pelatro/.m2/repository/com/github/stephenc/jcip/jcip-annotations/1.0-1/jcip-annotations-1.0-1.jar:/home/pelatro/.m2/repository/org/apache/directory/server/apacheds-kerberos-codec/2.0.0-M15/apacheds-kerberos-codec-2.0.0-M15.jar:/home/pelatro/.m2/repository/org/apache/directory/server/apacheds-i18n/2.0.0-M15/apacheds-i18n-2.0.0-M15.jar:/home/pelatro/.m2/repository/org/apache/directory/api/api-asn1-api/1.0.0-M20/api-asn1-api-1.0.0-M20.jar:/home/pelatro/.m2/repository/org/apache/directory/api/api-util/1.0.0-M20/api-util-1.0.0-M20.jar:/home/pelatro/.m2/repository/org/apache/curator/curator-framework/2.13.0/curator-framework-2.13.0.jar:/home/pelatro/.m2/repository/org/apache/hadoop/hadoop-common/2.10.2/hadoop-common-2.10.2.jar:/home/pelatro/.m2/repository/org/apache/hadoop/hadoop-annotations/2.10.2/hadoop-annotations-2.10.2.jar:/usr/lib/jvm/java-8-openjdk-amd64/jre/../lib/tools.jar:/home/pelatro/.m2/repository/commons-cli/commons-cli/1.2/commons-cli-1.2.jar:/home/pelatro/.m2/repository/org/apache/commons/commons-math3/3.1.1/commons-math3-3.1.1.jar:/home/pelatro/.m2/repository/xmlenc/xmlenc/0.52/xmlenc-0.52.jar:/home/pelatro/.m2/repository/org/mortbay/jetty/jetty-sslengine/6.1.26/jetty-sslengine-6.1.26.jar:/home/pelatro/.m2/repository/ch/qos/reload4j/reload4j/1.2.18.3/reload4j-1.2.18.3.jar:/home/pelatro/.m2/repository/commons-lang/commons-lang/2.6/commons-lang-2.6.jar:/home/pelatro/.m2/repository/commons-configuration/commons-configuration/1.6/commons-configuration-1.6.jar:/home/pelatro/.m2/repository/commons-digester/commons-digester/1.8/commons-digester-1.8.jar:/home/pelatro/.m2/repository/commons-beanutils/commons-beanutils/1.9.4/commons-beanutils-1.9.4.jar:/home/pelatro/.m2/repository/org/slf4j/slf4j-reload4j/1.7.36/slf4j-reload4j-1.7.36.jar:/home/pelatro/.m2/repository/org/codehaus/jackson/jackson-core-asl/1.9.13/jackson-core-asl-1.9.13.jar:/home/pelatro/.m2/repository/org/codehaus/jackson/jackson-mapper-asl/1.9.13/jackson-mapper-asl-1.9.13.jar:/home/pelatro/.m2/repository/org/apache/avro/avro/1.7.7/avro-1.7.7.jar:/home/pelatro/.m2/repository/com/thoughtworks/paranamer/paranamer/2.3/paranamer-2.3.jar:/home/pelatro/.m2/repository/org/xerial/snappy/snappy-java/1.0.5/snappy-java-1.0.5.jar:/home/pelatro/.m2/repository/org/apache/curator/curator-client/2.13.0/curator-client-2.13.0.jar:/home/pelatro/.m2/repository/org/apache/curator/curator-recipes/2.13.0/curator-recipes-2.13.0.jar:/home/pelatro/.m2/repository/org/apache/htrace/htrace-core4/4.1.0-incubating/htrace-core4-4.1.0-incubating.jar:/home/pelatro/.m2/repository/org/apache/commons/commons-compress/1.21/commons-compress-1.21.jar:/home/pelatro/.m2/repository/org/codehaus/woodstox/stax2-api/4.2.1/stax2-api-4.2.1.jar:/home/pelatro/.m2/repository/com/fasterxml/woodstox/woodstox-core/5.3.0/woodstox-core-5.3.0.jar:/home/pelatro/.m2/repository/org/apache/poi/poi-ooxml/3.9/poi-ooxml-3.9.jar:/home/pelatro/.m2/repository/org/apache/poi/poi/3.9/poi-3.9.jar:/home/pelatro/.m2/repository/org/apache/poi/poi-ooxml-schemas/3.9/poi-ooxml-schemas-3.9.jar:/home/pelatro/.m2/repository/org/apache/xmlbeans/xmlbeans/2.3.0/xmlbeans-2.3.0.jar:/home/pelatro/.m2/repository/stax/stax-api/1.0.1/stax-api-1.0.1.jar:/home/pelatro/.m2/repository/dom4j/dom4j/1.6.1/dom4j-1.6.1.jar:/home/pelatro/.m2/repository/org/apache/maven/surefire/surefire-testng-utils/2.20.1/surefire-testng-utils-2.20.1.jar:/home/pelatro/.m2/repository/org/apache/maven/surefire/surefire-grouper/2.20.1/surefire-grouper-2.20.1.jar:"/>
    <property name="sun.cpu.endian" value="little"/>
    <property name="user.home" value="/home/pelatro"/>
    <property name="user.language" value="en"/>
    <property name="java.specification.vendor" value="Oracle Corporation"/>
    <property name="java.home" value="/usr/lib/jvm/java-8-openjdk-amd64/jre"/>
    <property name="basedir" value="/home/pelatro/automation/validationOfLogin"/>
    <property name="file.separator" value="/"/>
    <property name="line.separator" value="&#10;"/>
    <property name="java.vm.specification.vendor" value="Oracle Corporation"/>
    <property name="java.specification.name" value="Java Platform API Specification"/>
    <property name="java.awt.graphicsenv" value="sun.awt.X11GraphicsEnvironment"/>
    <property name="surefire.real.class.path" value="/home/pelatro/automation/validationOfLogin/target/surefire/surefirebooter8880530259765432944.jar"/>
    <property name="sun.boot.class.path" value="/usr/lib/jvm/java-8-openjdk-amd64/jre/lib/resources.jar:/usr/lib/jvm/java-8-openjdk-amd64/jre/lib/rt.jar:/usr/lib/jvm/java-8-openjdk-amd64/jre/lib/sunrsasign.jar:/usr/lib/jvm/java-8-openjdk-amd64/jre/lib/jsse.jar:/usr/lib/jvm/java-8-openjdk-amd64/jre/lib/jce.jar:/usr/lib/jvm/java-8-openjdk-amd64/jre/lib/charsets.jar:/usr/lib/jvm/java-8-openjdk-amd64/jre/lib/jfr.jar:/usr/lib/jvm/java-8-openjdk-amd64/jre/classes"/>
    <property name="sun.management.compiler" value="HotSpot 64-Bit Tiered Compilers"/>
    <property name="java.runtime.version" value="1.8.0_432-8u432-ga~us1-0ubuntu2~22.04-ga"/>
    <property name="user.name" value="pelatro"/>
    <property name="path.separator" value=":"/>
    <property name="os.version" value="6.8.0-49-generic"/>
    <property name="java.endorsed.dirs" value="/usr/lib/jvm/java-8-openjdk-amd64/jre/lib/endorsed"/>
    <property name="java.runtime.name" value="OpenJDK Runtime Environment"/>
    <property name="file.encoding" value="UTF-8"/>
    <property name="java.vm.name" value="OpenJDK 64-Bit Server VM"/>
    <property name="localRepository" value="/home/pelatro/.m2/repository"/>
    <property name="java.vendor.url.bug" value="http://bugreport.sun.com/bugreport/"/>
    <property name="java.io.tmpdir" value="/tmp"/>
    <property name="java.version" value="1.8.0_432"/>
    <property name="user.dir" value="/home/pelatro/automation/validationOfLogin"/>
    <property name="os.arch" value="amd64"/>
    <property name="java.vm.specification.name" value="Java Virtual Machine Specification"/>
    <property name="java.awt.printerjob" value="sun.print.PSPrinterJob"/>
    <property name="sun.os.patch.level" value="unknown"/>
    <property name="java.library.path" value="/usr/java/packages/lib/amd64:/usr/lib/x86_64-linux-gnu/jni:/lib/x86_64-linux-gnu:/usr/lib/x86_64-linux-gnu:/usr/lib/jni:/lib:/usr/lib"/>
    <property name="java.vm.info" value="mixed mode"/>
    <property name="java.vendor" value="Private Build"/>
    <property name="java.vm.version" value="25.432-bga"/>
    <property name="java.specification.maintenance.version" value="6"/>
    <property name="java.ext.dirs" value="/usr/lib/jvm/java-8-openjdk-amd64/jre/lib/ext:/usr/java/packages/lib/ext"/>
    <property name="sun.io.unicode.encoding" value="UnicodeLittle"/>
    <property name="java.class.version" value="52.0"/>
  </properties>
</testsuite>